# JRE version: Java(TM) SE Runtime Environment (8.0-b132) (build 1.8.0-b132)
# Java VM: Java HotSpot(TM) 64-Bit Server VM (25.0-b70 mixed mode windows-amd64 compressed oops)
Heap:
 PSYoungGen      total 107520K, used 736K [0x00000000f5580000, 0x00000000fe380000, 0x0000000100000000)
  eden space 94720K, 0% used [0x00000000f5580000,0x00000000f56380e0,0x00000000fb200000)
  from space 12800K, 0% used [0x00000000fb200000,0x00000000fb200000,0x00000000fbe80000)
  to   space 12288K, 0% used [0x00000000fd780000,0x00000000fd780000,0x00000000fe380000)
 ParOldGen       total 64000K, used 14109K [0x00000000e0000000, 0x00000000e3e80000, 0x00000000f5580000)
  object space 64000K, 22% used [0x00000000e0000000,0x00000000e0dc74e8,0x00000000e3e80000)
 Metaspace       used 78576K, capacity 80410K, committed 80620K, reserved 1122304K
  class space    used 6914K, capacity 7422K, committed 7424K, reserved 1048576K
GC Heap History (10 events):
Event: 181.642 GC heap before
{Heap before GC invocations=25 (full 4):
 PSYoungGen      total 81920K, used 5631K [0x00000000f5580000, 0x00000000fcb00000, 0x0000000100000000)
  eden space 76288K, 0% used [0x00000000f5580000,0x00000000f5580000,0x00000000fa000000)
  from space 5632K, 99% used [0x00000000fa000000,0x00000000fa57fdc0,0x00000000fa580000)
  to   space 12800K, 0% used [0x00000000fbe80000,0x00000000fbe80000,0x00000000fcb00000)
 ParOldGen       total 64000K, used 30605K [0x00000000e0000000, 0x00000000e3e80000, 0x00000000f5580000)
  object space 64000K, 47% used [0x00000000e0000000,0x00000000e1de3508,0x00000000e3e80000)
 Metaspace       used 61814K, capacity 63686K, committed 63724K, reserved 1105920K
  class space    used 6120K, capacity 6651K, committed 6656K, reserved 1048576K
Event: 181.723 GC heap after
Heap after GC invocations=25 (full 4):
 PSYoungGen      total 81920K, used 0K [0x00000000f5580000, 0x00000000fcb00000, 0x0000000100000000)
  eden space 76288K, 0% used [0x00000000f5580000,0x00000000f5580000,0x00000000fa000000)
  from space 5632K, 0% used [0x00000000fa000000,0x00000000fa000000,0x00000000fa580000)
  to   space 12800K, 0% used [0x00000000fbe80000,0x00000000fbe80000,0x00000000fcb00000)
 ParOldGen       total 64000K, used 32825K [0x00000000e0000000, 0x00000000e3e80000, 0x00000000f5580000)
  object space 64000K, 51% used [0x00000000e0000000,0x00000000e200e6e0,0x00000000e3e80000)
 Metaspace       used 61814K, capacity 63686K, committed 63724K, reserved 1105920K
  class space    used 6120K, capacity 6651K, committed 6656K, reserved 1048576K
}
Event: 197.781 GC heap before
{Heap before GC invocations=26 (full 4):
 PSYoungGen      total 81920K, used 5719K [0x00000000f5580000, 0x00000000fcb00000, 0x0000000100000000)
  eden space 76288K, 7% used [0x00000000f5580000,0x00000000f5b15d28,0x00000000fa000000)
  from space 5632K, 0% used [0x00000000fa000000,0x00000000fa000000,0x00000000fa580000)
  to   space 12800K, 0% used [0x00000000fbe80000,0x00000000fbe80000,0x00000000fcb00000)
 ParOldGen       total 64000K, used 32825K [0x00000000e0000000, 0x00000000e3e80000, 0x00000000f5580000)
  object space 64000K, 51% used [0x00000000e0000000,0x00000000e200e6e0,0x00000000e3e80000)
 Metaspace       used 78574K, capacity 80410K, committed 80620K, reserved 1122304K
  class space    used 6914K, capacity 7422K, committed 7424K, reserved 1048576K
Event: 197.784 GC heap after
Heap after GC invocations=26 (full 4):
 PSYoungGen      total 107520K, used 767K [0x00000000f5580000, 0x00000000fcc00000, 0x0000000100000000)
  eden space 94720K, 0% used [0x00000000f5580000,0x00000000f5580000,0x00000000fb200000)
  from space 12800K, 5% used [0x00000000fbe80000,0x00000000fbf3fd90,0x00000000fcb00000)
  to   space 12800K, 0% used [0x00000000fb200000,0x00000000fb200000,0x00000000fbe80000)
 ParOldGen       total 64000K, used 32825K [0x00000000e0000000, 0x00000000e3e80000, 0x00000000f5580000)
  object space 64000K, 51% used [0x00000000e0000000,0x00000000e200e6e0,0x00000000e3e80000)
 Metaspace       used 78574K, capacity 80410K, committed 80620K, reserved 1122304K
  class space    used 6914K, capacity 7422K, committed 7424K, reserved 1048576K
}
Event: 197.784 GC heap before
{Heap before GC invocations=27 (full 5):
 PSYoungGen      total 107520K, used 767K [0x00000000f5580000, 0x00000000fcc00000, 0x0000000100000000)
  eden space 94720K, 0% used [0x00000000f5580000,0x00000000f5580000,0x00000000fb200000)
  from space 12800K, 5% used [0x00000000fbe80000,0x00000000fbf3fd90,0x00000000fcb00000)
  to   space 12800K, 0% used [0x00000000fb200000,0x00000000fb200000,0x00000000fbe80000)
 ParOldGen       total 64000K, used 32825K [0x00000000e0000000, 0x00000000e3e80000, 0x00000000f5580000)
  object space 64000K, 51% used [0x00000000e0000000,0x00000000e200e6e0,0x00000000e3e80000)
 Metaspace       used 78574K, capacity 80410K, committed 80620K, reserved 1122304K
  class space    used 6914K, capacity 7422K, committed 7424K, reserved 1048576K
Event: 197.825 GC heap after
Heap after GC invocations=27 (full 5):
 PSYoungGen      total 107520K, used 0K [0x00000000f5580000, 0x00000000fcc00000, 0x0000000100000000)
  eden space 94720K, 0% used [0x00000000f5580000,0x00000000f5580000,0x00000000fb200000)
  from space 12800K, 0% used [0x00000000fbe80000,0x00000000fbe80000,0x00000000fcb00000)
  to   space 12800K, 0% used [0x00000000fb200000,0x00000000fb200000,0x00000000fbe80000)
 ParOldGen       total 64000K, used 14606K [0x00000000e0000000, 0x00000000e3e80000, 0x00000000f5580000)
  object space 64000K, 22% used [0x00000000e0000000,0x00000000e0e43918,0x00000000e3e80000)
 Metaspace       used 78574K, capacity 80410K, committed 80620K, reserved 1122304K
  class space    used 6914K, capacity 7422K, committed 7424K, reserved 1048576K
}
Event: 197.879 GC heap before
{Heap before GC invocations=28 (full 5):
 PSYoungGen      total 107520K, used 181K [0x00000000f5580000, 0x00000000fcc00000, 0x0000000100000000)
  eden space 94720K, 0% used [0x00000000f5580000,0x00000000f55ad590,0x00000000fb200000)
  from space 12800K, 0% used [0x00000000fbe80000,0x00000000fbe80000,0x00000000fcb00000)
  to   space 12800K, 0% used [0x00000000fb200000,0x00000000fb200000,0x00000000fbe80000)
 ParOldGen       total 64000K, used 14606K [0x00000000e0000000, 0x00000000e3e80000, 0x00000000f5580000)
  object space 64000K, 22% used [0x00000000e0000000,0x00000000e0e43918,0x00000000e3e80000)
 Metaspace       used 78576K, capacity 80410K, committed 80620K, reserved 1122304K
  class space    used 6914K, capacity 7422K, committed 7424K, reserved 1048576K
Event: 197.880 GC heap after
Heap after GC invocations=28 (full 5):
 PSYoungGen      total 107520K, used 192K [0x00000000f5580000, 0x00000000fe380000, 0x0000000100000000)
  eden space 94720K, 0% used [0x00000000f5580000,0x00000000f5580000,0x00000000fb200000)
  from space 12800K, 1% used [0x00000000fb200000,0x00000000fb230000,0x00000000fbe80000)
  to   space 12288K, 0% used [0x00000000fd780000,0x00000000fd780000,0x00000000fe380000)
 ParOldGen       total 64000K, used 14606K [0x00000000e0000000, 0x00000000e3e80000, 0x00000000f5580000)
  object space 64000K, 22% used [0x00000000e0000000,0x00000000e0e43918,0x00000000e3e80000)
 Metaspace       used 78576K, capacity 80410K, committed 80620K, reserved 1122304K
  class space    used 6914K, capacity 7422K, committed 7424K, reserved 1048576K
}
Event: 197.881 GC heap before
{Heap before GC invocations=29 (full 6):
 PSYoungGen      total 107520K, used 192K [0x00000000f5580000, 0x00000000fe380000, 0x0000000100000000)
  eden space 94720K, 0% used [0x00000000f5580000,0x00000000f5580000,0x00000000fb200000)
  from space 12800K, 1% used [0x00000000fb200000,0x00000000fb230000,0x00000000fbe80000)
  to   space 12288K, 0% used [0x00000000fd780000,0x00000000fd780000,0x00000000fe380000)
 ParOldGen       total 64000K, used 14606K [0x00000000e0000000, 0x00000000e3e80000, 0x00000000f5580000)
  object space 64000K, 22% used [0x00000000e0000000,0x00000000e0e43918,0x00000000e3e80000)
 Metaspace       used 78576K, capacity 80410K, committed 80620K, reserved 1122304K
  class space    used 6914K, capacity 7422K, committed 7424K, reserved 1048576K
Event: 197.913 GC heap after
Heap after GC invocations=29 (full 6):
 PSYoungGen      total 107520K, used 0K [0x00000000f5580000, 0x00000000fe380000, 0x0000000100000000)
  eden space 94720K, 0% used [0x00000000f5580000,0x00000000f5580000,0x00000000fb200000)
  from space 12800K, 0% used [0x00000000fb200000,0x00000000fb200000,0x00000000fbe80000)
  to   space 12288K, 0% used [0x00000000fd780000,0x00000000fd780000,0x00000000fe380000)
 ParOldGen       total 64000K, used 14109K [0x00000000e0000000, 0x00000000e3e80000, 0x00000000f5580000)
  object space 64000K, 22% used [0x00000000e0000000,0x00000000e0dc74e8,0x00000000e3e80000)
 Metaspace       used 78576K, capacity 80410K, committed 80620K, reserved 1122304K
  class space    used 6914K, capacity 7422K, committed 7424K, reserved 1048576K
}

